<?xml version="1.0" encoding="UTF-8" standalone="no"?>
<testsuite errors="0" failures="0" name="io.cucumber.core.plugin.JUnitFormatter" skipped="0" tests="3" time="0.451">
    <testcase classname="Title of your feature" name="Title of your scenario" time="0.099">
        <system-out><![CDATA[Given I want to write a step with precondition..............................passed
When I complete action......................................................passed
Then I validate the outcomes................................................passed
]]></system-out>
    </testcase>
    <testcase classname="Title of your feature" name="Title of your scenario outline" time="0.011">
        <system-out><![CDATA[Given I want to write a step with name1.....................................passed
When I check for the 5 in step..............................................passed
Then I verify the success in step...........................................passed
]]></system-out>
    </testcase>
    <testcase classname="Title of your feature" name="Title of your scenario outline 2" time="0.009">
        <system-out><![CDATA[Given I want to write a step with name2.....................................passed
When I check for the 7 in step..............................................passed
Then I verify the Fail in step..............................................passed
]]></system-out>
    </testcase>
</testsuite>
